{"name": "test_001[3]", "status": "failed", "statusDetails": {"message": "AssertionError: assert 3 == 2", "trace": "self = <Script.Test_Search.Test_Search object at 0x03E90C70>, text = 3\n\n    @pytest.mark.parametrize(\"text\", [1, 2, 3])\n    @allure.step(title=\"比较\")\n    @allure.severity(\"critical\")\n    def test_001(self, text):\n        allure.attach('测试编号', text)\n>       assert text == 2\nE       assert 3 == 2\n\nScript\\Test_Search.py:44: AssertionError"}, "steps": [{"name": "比较", "status": "failed", "statusDetails": {"message": "AssertionError: assert 3 == 2\n", "trace": "  File \"e:\\projects\\python\\po\\venv\\lib\\site-packages\\allure_commons\\_allure.py\", line 172, in impl\n    return func(*a, **kw)\n  File \"E:\\Projects\\Python\\PO\\Script\\Test_Search.py\", line 44, in test_001\n    assert text == 2\n"}, "attachments": [{"name": 3, "source": "a827a839-b2e3-4d79-b2c3-55d8b7d916ed-attachment.attach"}], "parameters": [{"name": "text", "value": "3"}], "start": 1630393626741, "stop": 1630393626742}], "parameters": [{"name": "text", "value": "3"}], "start": 1630393626741, "stop": 1630393626742, "uuid": "aadf0b1e-d24e-4eb2-a06e-f404cddc56c3", "historyId": "54881f0ad23421d2cb7157a02f4c383c", "testCaseId": "9a42d69d937971cc3be621d80661a861", "fullName": "Script.Test_Search.Test_Search#test_001", "labels": [{"name": "severity", "value": "critical"}, {"name": "parentSuite", "value": "Script"}, {"name": "suite", "value": "Test_Search"}, {"name": "subSuite", "value": "Test_Search"}, {"name": "host", "value": "LAPTOP-3A6ILT37"}, {"name": "thread", "value": "4360-MainThread"}, {"name": "framework", "value": "pytest"}, {"name": "language", "value": "cpython3"}, {"name": "package", "value": "Script.Test_Search"}]}