{"name": "test_001[1]", "status": "failed", "statusDetails": {"message": "AssertionError: assert 1 == 2", "trace": "self = <Script.Test_Search.Test_Search object at 0x03E90940>, text = 1\n\n    @pytest.mark.parametrize(\"text\", [1, 2, 3])\n    @allure.step(title=\"比较\")\n    @allure.severity(\"critical\")\n    def test_001(self, text):\n        allure.attach('测试编号', text)\n>       assert text == 2\nE       assert 1 == 2\n\nScript\\Test_Search.py:44: AssertionError"}, "steps": [{"name": "比较", "status": "failed", "statusDetails": {"message": "AssertionError: assert 1 == 2\n", "trace": "  File \"e:\\projects\\python\\po\\venv\\lib\\site-packages\\allure_commons\\_allure.py\", line 172, in impl\n    return func(*a, **kw)\n  File \"E:\\Projects\\Python\\PO\\Script\\Test_Search.py\", line 44, in test_001\n    assert text == 2\n"}, "attachments": [{"name": 1, "source": "d97a9a9d-ce9a-4eaf-9188-4130f20cc3df-attachment.attach"}], "parameters": [{"name": "text", "value": "1"}], "start": 1630393626529, "stop": 1630393626530}], "parameters": [{"name": "text", "value": "1"}], "start": 1630393626529, "stop": 1630393626539, "uuid": "ab2ec45e-58bd-490d-888c-be1911bfc938", "historyId": "16db36be618d8193bbbae82b521de95f", "testCaseId": "9a42d69d937971cc3be621d80661a861", "fullName": "Script.Test_Search.Test_Search#test_001", "labels": [{"name": "severity", "value": "critical"}, {"name": "parentSuite", "value": "Script"}, {"name": "suite", "value": "Test_Search"}, {"name": "subSuite", "value": "Test_Search"}, {"name": "host", "value": "LAPTOP-3A6ILT37"}, {"name": "thread", "value": "4360-MainThread"}, {"name": "framework", "value": "pytest"}, {"name": "language", "value": "cpython3"}, {"name": "package", "value": "Script.Test_Search"}]}